<?xml version="1.0" encoding="UTF-8"?>
<!-- Generated by org.testng.reporters.JUnitXMLReporter -->
<testsuite ignored="0" hostname="DESKTOP-ANC6F6S" failures="0" tests="3" name="Default test" time="22.949" errors="0" timestamp="2021-05-20T12:52:42 IST">
  <testcase classname="com.sfdc.qa.testcases.LoginPageTest" name="logoValidateTest" time="0.222"/>
  <testcase classname="com.sfdc.qa.testcases.LoginPageTest" name="LoginPageTitleTest" time="0.026"/>
  <testcase classname="com.sfdc.qa.testcases.LoginPageTest" name="LoginTest" time="1.233"/>
</testsuite> <!-- Default test -->
