<?xml version="1.0" encoding="UTF-8"?>
<testng-results ignored="0" total="3" passed="3" failed="0" skipped="0">
  <reporter-output>
  </reporter-output>
  <suite started-at="2021-05-20T12:52:19 IST" name="Default suite" finished-at="2021-05-20T12:52:42 IST" duration-ms="22949">
    <groups>
    </groups>
    <test started-at="2021-05-20T12:52:19 IST" name="Default test" finished-at="2021-05-20T12:52:42 IST" duration-ms="22949">
      <class name="com.sfdc.qa.testcases.LoginPageTest">
        <test-method is-config="true" signature="setUp()[pri:0, instance:com.sfdc.qa.testcases.LoginPageTest@52af26ee]" started-at="2021-05-20T12:52:19 IST" name="setUp" finished-at="2021-05-20T12:52:27 IST" duration-ms="7737" status="PASS">
          <reporter-output>
          </reporter-output>
        </test-method> <!-- setUp -->
        <test-method signature="logoValidateTest()[pri:1, instance:com.sfdc.qa.testcases.LoginPageTest@52af26ee]" started-at="2021-05-20T12:52:27 IST" name="logoValidateTest" finished-at="2021-05-20T12:52:27 IST" duration-ms="222" status="PASS">
          <reporter-output>
          </reporter-output>
        </test-method> <!-- logoValidateTest -->
        <test-method is-config="true" signature="tearDown()[pri:0, instance:com.sfdc.qa.testcases.LoginPageTest@52af26ee]" started-at="2021-05-20T12:52:27 IST" name="tearDown" finished-at="2021-05-20T12:52:28 IST" duration-ms="1221" status="PASS">
          <reporter-output>
          </reporter-output>
        </test-method> <!-- tearDown -->
        <test-method is-config="true" signature="setUp()[pri:0, instance:com.sfdc.qa.testcases.LoginPageTest@52af26ee]" started-at="2021-05-20T12:52:28 IST" name="setUp" finished-at="2021-05-20T12:52:33 IST" duration-ms="4968" status="PASS">
          <reporter-output>
          </reporter-output>
        </test-method> <!-- setUp -->
        <test-method signature="LoginPageTitleTest()[pri:2, instance:com.sfdc.qa.testcases.LoginPageTest@52af26ee]" started-at="2021-05-20T12:52:33 IST" name="LoginPageTitleTest" finished-at="2021-05-20T12:52:33 IST" duration-ms="26" status="PASS">
          <reporter-output>
          </reporter-output>
        </test-method> <!-- LoginPageTitleTest -->
        <test-method is-config="true" signature="tearDown()[pri:0, instance:com.sfdc.qa.testcases.LoginPageTest@52af26ee]" started-at="2021-05-20T12:52:33 IST" name="tearDown" finished-at="2021-05-20T12:52:34 IST" duration-ms="864" status="PASS">
          <reporter-output>
          </reporter-output>
        </test-method> <!-- tearDown -->
        <test-method is-config="true" signature="setUp()[pri:0, instance:com.sfdc.qa.testcases.LoginPageTest@52af26ee]" started-at="2021-05-20T12:52:34 IST" name="setUp" finished-at="2021-05-20T12:52:39 IST" duration-ms="5443" status="PASS">
          <reporter-output>
          </reporter-output>
        </test-method> <!-- setUp -->
        <test-method signature="LoginTest()[pri:3, instance:com.sfdc.qa.testcases.LoginPageTest@52af26ee]" started-at="2021-05-20T12:52:39 IST" name="LoginTest" finished-at="2021-05-20T12:52:41 IST" duration-ms="1233" status="PASS">
          <reporter-output>
          </reporter-output>
        </test-method> <!-- LoginTest -->
        <test-method is-config="true" signature="tearDown()[pri:0, instance:com.sfdc.qa.testcases.LoginPageTest@52af26ee]" started-at="2021-05-20T12:52:41 IST" name="tearDown" finished-at="2021-05-20T12:52:42 IST" duration-ms="1133" status="PASS">
          <reporter-output>
          </reporter-output>
        </test-method> <!-- tearDown -->
      </class> <!-- com.sfdc.qa.testcases.LoginPageTest -->
    </test> <!-- Default test -->
  </suite> <!-- Default suite -->
</testng-results>
